<?xml version="1.0" encoding="UTF-8"?>
<!-- Generated by org.testng.reporters.JUnitXMLReporter -->
<testsuite ignored="0" hostname="EPUAKYIW1121" failures="0" tests="3" name="Default test" time="3.191" errors="0" timestamp="2021-06-16T15:49:23 EEST">
  <testcase classname="TestsForTrello.FirstRun" name="addComentsToTheCard" time="1.717"/>
  <testcase classname="TestsForTrello.FirstRun" name="getCardsList" time="1.038"/>
  <testcase classname="TestsForTrello.FirstRun" name="testCreatNewCard" time="0.404"/>
</testsuite> <!-- Default test -->
