<?xml version="1.0" encoding="UTF-8"?>
<testng-results ignored="0" total="3" passed="3" failed="0" skipped="0">
  <reporter-output>
  </reporter-output>
  <suite started-at="2021-06-16T15:49:20 EEST" name="Default suite" finished-at="2021-06-16T15:49:23 EEST" duration-ms="3191">
    <groups>
    </groups>
    <test started-at="2021-06-16T15:49:20 EEST" name="Default test" finished-at="2021-06-16T15:49:23 EEST" duration-ms="3191">
      <class name="TestsForTrello.FirstRun">
        <test-method signature="addComentsToTheCard()[pri:0, instance:TestsForTrello.FirstRun@5ccddd20]" started-at="2021-06-16T15:49:20 EEST" name="addComentsToTheCard" finished-at="2021-06-16T15:49:22 EEST" duration-ms="1717" status="PASS">
          <reporter-output>
          </reporter-output>
        </test-method> <!-- addComentsToTheCard -->
        <test-method signature="getCardsList()[pri:0, instance:TestsForTrello.FirstRun@5ccddd20]" started-at="2021-06-16T15:49:22 EEST" name="getCardsList" finished-at="2021-06-16T15:49:23 EEST" duration-ms="1038" status="PASS">
          <reporter-output>
          </reporter-output>
        </test-method> <!-- getCardsList -->
        <test-method signature="testCreatNewCard()[pri:0, instance:TestsForTrello.FirstRun@5ccddd20]" started-at="2021-06-16T15:49:23 EEST" name="testCreatNewCard" finished-at="2021-06-16T15:49:23 EEST" duration-ms="404" status="PASS">
          <reporter-output>
          </reporter-output>
        </test-method> <!-- testCreatNewCard -->
      </class> <!-- TestsForTrello.FirstRun -->
    </test> <!-- Default test -->
  </suite> <!-- Default suite -->
</testng-results>
